This file contains any messages produced by compilers while
running configure, to aid debugging if configure makes a mistake.

It was created by dml configure 2.1.0, which was
generated by GNU Autoconf 2.69.  Invocation command line was

  $ ./configure 

## --------- ##
## Platform. ##
## --------- ##

hostname = ubuntu
uname -m = x86_64
uname -r = 3.2.0-60-generic
uname -s = Linux
uname -v = #91-Ubuntu SMP Wed Feb 19 03:54:44 UTC 2014

/usr/bin/uname -p = unknown
/bin/uname -X     = unknown

/bin/arch              = unknown
/usr/bin/arch -k       = unknown
/usr/convex/getsysinfo = unknown
/usr/bin/hostinfo      = unknown
/bin/machine           = unknown
/usr/bin/oslevel       = unknown
/bin/universe          = unknown

PATH: /usr/lib/lightdm/lightdm
PATH: /usr/local/sbin
PATH: /usr/local/bin
PATH: /usr/sbin
PATH: /usr/bin
PATH: /sbin
PATH: /bin
PATH: /usr/games


## ----------- ##
## Core tests. ##
## ----------- ##

configure:2304: checking for a BSD-compatible install
configure:2372: result: /usr/bin/install -c
configure:2383: checking whether build environment is sane
configure:2420: result: yes
configure:2482: checking for gawk
configure:2512: result: no
configure:2482: checking for mawk
configure:2498: found /usr/bin/mawk
configure:2509: result: mawk
configure:2520: checking whether make sets $(MAKE)
configure:2542: result: yes
configure:2782: checking for g++
configure:2798: found /usr/bin/g++
configure:2809: result: g++
configure:2836: checking for C++ compiler version
configure:2845: g++ --version >&5
g++ (Ubuntu/Linaro 4.6.3-1ubuntu5) 4.6.3
Copyright (C) 2011 Free Software Foundation, Inc.
This is free software; see the source for copying conditions.  There is NO
warranty; not even for MERCHANTABILITY or FITNESS FOR A PARTICULAR PURPOSE.

configure:2856: $? = 0
configure:2845: g++ -v >&5
Using built-in specs.
COLLECT_GCC=g++
COLLECT_LTO_WRAPPER=/usr/lib/gcc/x86_64-linux-gnu/4.6/lto-wrapper
Target: x86_64-linux-gnu
Configured with: ../src/configure -v --with-pkgversion='Ubuntu/Linaro 4.6.3-1ubuntu5' --with-bugurl=file:///usr/share/doc/gcc-4.6/README.Bugs --enable-languages=c,c++,fortran,objc,obj-c++ --prefix=/usr --program-suffix=-4.6 --enable-shared --enable-linker-build-id --with-system-zlib --libexecdir=/usr/lib --without-included-gettext --enable-threads=posix --with-gxx-include-dir=/usr/include/c++/4.6 --libdir=/usr/lib --enable-nls --with-sysroot=/ --enable-clocale=gnu --enable-libstdcxx-debug --enable-libstdcxx-time=yes --enable-gnu-unique-object --enable-plugin --enable-objc-gc --disable-werror --with-arch-32=i686 --with-tune=generic --enable-checking=release --build=x86_64-linux-gnu --host=x86_64-linux-gnu --target=x86_64-linux-gnu
Thread model: posix
gcc version 4.6.3 (Ubuntu/Linaro 4.6.3-1ubuntu5) 
configure:2856: $? = 0
configure:2845: g++ -V >&5
g++: error: unrecognized option '-V'
g++: fatal error: no input files
compilation terminated.
configure:2856: $? = 4
configure:2845: g++ -qversion >&5
g++: error: unrecognized option '-qversion'
g++: fatal error: no input files
compilation terminated.
configure:2856: $? = 4
configure:2876: checking whether the C++ compiler works
configure:2898: g++    conftest.cpp  >&5
configure:2902: $? = 0
configure:2950: result: yes
configure:2953: checking for C++ compiler default output file name
configure:2955: result: a.out
configure:2961: checking for suffix of executables
configure:2968: g++ -o conftest    conftest.cpp  >&5
configure:2972: $? = 0
configure:2994: result: 
configure:3016: checking whether we are cross compiling
configure:3024: g++ -o conftest    conftest.cpp  >&5
configure:3028: $? = 0
configure:3035: ./conftest
configure:3039: $? = 0
configure:3054: result: no
configure:3059: checking for suffix of object files
configure:3081: g++ -c   conftest.cpp >&5
configure:3085: $? = 0
configure:3106: result: o
configure:3110: checking whether we are using the GNU C++ compiler
configure:3129: g++ -c   conftest.cpp >&5
configure:3129: $? = 0
configure:3138: result: yes
configure:3147: checking whether g++ accepts -g
configure:3167: g++ -c -g  conftest.cpp >&5
configure:3167: $? = 0
configure:3208: result: yes
configure:3242: checking for style of include used by make
configure:3270: result: GNU
configure:3298: checking dependency style of g++
configure:3388: result: gcc3
configure:3453: checking for gcc
configure:3469: found /usr/bin/gcc
configure:3480: result: gcc
configure:3709: checking for C compiler version
configure:3718: gcc --version >&5
gcc (Ubuntu/Linaro 4.6.3-1ubuntu5) 4.6.3
Copyright (C) 2011 Free Software Foundation, Inc.
This is free software; see the source for copying conditions.  There is NO
warranty; not even for MERCHANTABILITY or FITNESS FOR A PARTICULAR PURPOSE.

configure:3729: $? = 0
configure:3718: gcc -v >&5
Using built-in specs.
COLLECT_GCC=gcc
COLLECT_LTO_WRAPPER=/usr/lib/gcc/x86_64-linux-gnu/4.6/lto-wrapper
Target: x86_64-linux-gnu
Configured with: ../src/configure -v --with-pkgversion='Ubuntu/Linaro 4.6.3-1ubuntu5' --with-bugurl=file:///usr/share/doc/gcc-4.6/README.Bugs --enable-languages=c,c++,fortran,objc,obj-c++ --prefix=/usr --program-suffix=-4.6 --enable-shared --enable-linker-build-id --with-system-zlib --libexecdir=/usr/lib --without-included-gettext --enable-threads=posix --with-gxx-include-dir=/usr/include/c++/4.6 --libdir=/usr/lib --enable-nls --with-sysroot=/ --enable-clocale=gnu --enable-libstdcxx-debug --enable-libstdcxx-time=yes --enable-gnu-unique-object --enable-plugin --enable-objc-gc --disable-werror --with-arch-32=i686 --with-tune=generic --enable-checking=release --build=x86_64-linux-gnu --host=x86_64-linux-gnu --target=x86_64-linux-gnu
Thread model: posix
gcc version 4.6.3 (Ubuntu/Linaro 4.6.3-1ubuntu5) 
configure:3729: $? = 0
configure:3718: gcc -V >&5
gcc: error: unrecognized option '-V'
gcc: fatal error: no input files
compilation terminated.
configure:3729: $? = 4
configure:3718: gcc -qversion >&5
gcc: error: unrecognized option '-qversion'
gcc: fatal error: no input files
compilation terminated.
configure:3729: $? = 4
configure:3733: checking whether we are using the GNU C compiler
configure:3752: gcc -c   conftest.c >&5
configure:3752: $? = 0
configure:3761: result: yes
configure:3770: checking whether gcc accepts -g
configure:3790: gcc -c -g  conftest.c >&5
configure:3790: $? = 0
configure:3831: result: yes
configure:3848: checking for gcc option to accept ISO C89
configure:3911: gcc  -c -g -O2  conftest.c >&5
configure:3911: $? = 0
configure:3924: result: none needed
configure:3946: checking dependency style of gcc
configure:4036: result: gcc3
configure:4058: checking for flex
configure:4088: result: no
configure:4058: checking for lex
configure:4088: result: no
configure:4220: checking for bison
configure:4250: result: no
configure:4220: checking for byacc
configure:4250: result: no
configure:4302: checking for ranlib
configure:4318: found /usr/bin/ranlib
configure:4329: result: ranlib
configure:4360: checking how to run the C preprocessor
configure:4391: gcc -E  conftest.c
configure:4391: $? = 0
configure:4405: gcc -E  conftest.c
conftest.c:11:28: fatal error: ac_nonexistent.h: No such file or directory
compilation terminated.
configure:4405: $? = 1
configure: failed program was:
| /* confdefs.h */
| #define PACKAGE_NAME "dml"
| #define PACKAGE_TARNAME "dml"
| #define PACKAGE_VERSION "2.1.0"
| #define PACKAGE_STRING "dml 2.1.0"
| #define PACKAGE_BUGREPORT "liux@cis.fiu.edu"
| #define PACKAGE_URL ""
| #define PACKAGE "prime-dml"
| #define VERSION "2.1.0"
| /* end confdefs.h.  */
| #include <ac_nonexistent.h>
configure:4430: result: gcc -E
configure:4450: gcc -E  conftest.c
configure:4450: $? = 0
configure:4464: gcc -E  conftest.c
conftest.c:11:28: fatal error: ac_nonexistent.h: No such file or directory
compilation terminated.
configure:4464: $? = 1
configure: failed program was:
| /* confdefs.h */
| #define PACKAGE_NAME "dml"
| #define PACKAGE_TARNAME "dml"
| #define PACKAGE_VERSION "2.1.0"
| #define PACKAGE_STRING "dml 2.1.0"
| #define PACKAGE_BUGREPORT "liux@cis.fiu.edu"
| #define PACKAGE_URL ""
| #define PACKAGE "prime-dml"
| #define VERSION "2.1.0"
| /* end confdefs.h.  */
| #include <ac_nonexistent.h>
configure:4493: checking for grep that handles long lines and -e
configure:4551: result: /bin/grep
configure:4556: checking for egrep
configure:4618: result: /bin/grep -E
configure:4623: checking for ANSI C header files
configure:4643: gcc -c -g -O2  conftest.c >&5
configure:4643: $? = 0
configure:4716: gcc -o conftest -g -O2   conftest.c  >&5
configure:4716: $? = 0
configure:4716: ./conftest
configure:4716: $? = 0
configure:4727: result: yes
configure:4740: checking for sys/types.h
configure:4740: gcc -c -g -O2  conftest.c >&5
configure:4740: $? = 0
configure:4740: result: yes
configure:4740: checking for sys/stat.h
configure:4740: gcc -c -g -O2  conftest.c >&5
configure:4740: $? = 0
configure:4740: result: yes
configure:4740: checking for stdlib.h
configure:4740: gcc -c -g -O2  conftest.c >&5
configure:4740: $? = 0
configure:4740: result: yes
configure:4740: checking for string.h
configure:4740: gcc -c -g -O2  conftest.c >&5
configure:4740: $? = 0
configure:4740: result: yes
configure:4740: checking for memory.h
configure:4740: gcc -c -g -O2  conftest.c >&5
configure:4740: $? = 0
configure:4740: result: yes
configure:4740: checking for strings.h
configure:4740: gcc -c -g -O2  conftest.c >&5
configure:4740: $? = 0
configure:4740: result: yes
configure:4740: checking for inttypes.h
configure:4740: gcc -c -g -O2  conftest.c >&5
configure:4740: $? = 0
configure:4740: result: yes
configure:4740: checking for stdint.h
configure:4740: gcc -c -g -O2  conftest.c >&5
configure:4740: $? = 0
configure:4740: result: yes
configure:4740: checking for unistd.h
configure:4740: gcc -c -g -O2  conftest.c >&5
configure:4740: $? = 0
configure:4740: result: yes
configure:4755: checking malloc.h usability
configure:4755: gcc -c -g -O2  conftest.c >&5
configure:4755: $? = 0
configure:4755: result: yes
configure:4755: checking malloc.h presence
configure:4755: gcc -E  conftest.c
configure:4755: $? = 0
configure:4755: result: yes
configure:4755: checking for malloc.h
configure:4755: result: yes
configure:4755: checking for stdlib.h
configure:4755: result: yes
configure:4755: checking for string.h
configure:4755: result: yes
configure:4755: checking for strings.h
configure:4755: result: yes
configure:4755: checking for unistd.h
configure:4755: result: yes
configure:4767: checking for stdbool.h that conforms to C99
configure:4834: gcc -c -g -O2  conftest.c >&5
configure:4834: $? = 0
configure:4841: result: yes
configure:4843: checking for _Bool
configure:4843: gcc -c -g -O2  conftest.c >&5
configure:4843: $? = 0
configure:4843: gcc -c -g -O2  conftest.c >&5
conftest.c: In function 'main':
conftest.c:62:20: error: expected expression before ')' token
configure:4843: $? = 1
configure: failed program was:
| /* confdefs.h */
| #define PACKAGE_NAME "dml"
| #define PACKAGE_TARNAME "dml"
| #define PACKAGE_VERSION "2.1.0"
| #define PACKAGE_STRING "dml 2.1.0"
| #define PACKAGE_BUGREPORT "liux@cis.fiu.edu"
| #define PACKAGE_URL ""
| #define PACKAGE "prime-dml"
| #define VERSION "2.1.0"
| #define STDC_HEADERS 1
| #define HAVE_SYS_TYPES_H 1
| #define HAVE_SYS_STAT_H 1
| #define HAVE_STDLIB_H 1
| #define HAVE_STRING_H 1
| #define HAVE_MEMORY_H 1
| #define HAVE_STRINGS_H 1
| #define HAVE_INTTYPES_H 1
| #define HAVE_STDINT_H 1
| #define HAVE_UNISTD_H 1
| #define HAVE_MALLOC_H 1
| #define HAVE_STDLIB_H 1
| #define HAVE_STRING_H 1
| #define HAVE_STRINGS_H 1
| #define HAVE_UNISTD_H 1
| /* end confdefs.h.  */
| #include <stdio.h>
| #ifdef HAVE_SYS_TYPES_H
| # include <sys/types.h>
| #endif
| #ifdef HAVE_SYS_STAT_H
| # include <sys/stat.h>
| #endif
| #ifdef STDC_HEADERS
| # include <stdlib.h>
| # include <stddef.h>
| #else
| # ifdef HAVE_STDLIB_H
| #  include <stdlib.h>
| # endif
| #endif
| #ifdef HAVE_STRING_H
| # if !defined STDC_HEADERS && defined HAVE_MEMORY_H
| #  include <memory.h>
| # endif
| # include <string.h>
| #endif
| #ifdef HAVE_STRINGS_H
| # include <strings.h>
| #endif
| #ifdef HAVE_INTTYPES_H
| # include <inttypes.h>
| #endif
| #ifdef HAVE_STDINT_H
| # include <stdint.h>
| #endif
| #ifdef HAVE_UNISTD_H
| # include <unistd.h>
| #endif
| int
| main ()
| {
| if (sizeof ((_Bool)))
| 	    return 0;
|   ;
|   return 0;
| }
configure:4843: result: yes
configure:4860: checking for an ANSI C-conforming const
configure:4926: gcc -c -g -O2  conftest.c >&5
configure:4926: $? = 0
configure:4933: result: yes
configure:4941: checking for inline
configure:4957: gcc -c -g -O2  conftest.c >&5
configure:4957: $? = 0
configure:4965: result: inline
configure:4991: checking for strcasecmp
configure:4991: gcc -o conftest -g -O2   conftest.c  >&5
conftest.c:51:6: warning: conflicting types for built-in function 'strcasecmp' [enabled by default]
configure:4991: $? = 0
configure:4991: result: yes
configure:4991: checking for strdup
configure:4991: gcc -o conftest -g -O2   conftest.c  >&5
conftest.c:52:6: warning: conflicting types for built-in function 'strdup' [enabled by default]
configure:4991: $? = 0
configure:4991: result: yes
configure:5233: creating ./config.status

## ---------------------- ##
## Running config.status. ##
## ---------------------- ##

This file was extended by dml config.status 2.1.0, which was
generated by GNU Autoconf 2.69.  Invocation command line was

  CONFIG_FILES    = 
  CONFIG_HEADERS  = 
  CONFIG_LINKS    = 
  CONFIG_COMMANDS = 
  $ ./config.status 

on ubuntu

config.status:876: creating Makefile
config.status:876: creating test/dml2xml/Makefile
config.status:876: creating test/dumpdml/Makefile
config.status:876: creating test/listdml/Makefile
config.status:876: creating dml-config.h
config.status:1051: dml-config.h is unchanged
config.status:1098: executing depfiles commands

## ---------------- ##
## Cache variables. ##
## ---------------- ##

ac_cv_c_compiler_gnu=yes
ac_cv_c_const=yes
ac_cv_c_inline=inline
ac_cv_cxx_compiler_gnu=yes
ac_cv_env_CCC_set=
ac_cv_env_CCC_value=
ac_cv_env_CC_set=
ac_cv_env_CC_value=
ac_cv_env_CFLAGS_set=
ac_cv_env_CFLAGS_value=
ac_cv_env_CPPFLAGS_set=
ac_cv_env_CPPFLAGS_value=
ac_cv_env_CPP_set=
ac_cv_env_CPP_value=
ac_cv_env_CXXFLAGS_set=
ac_cv_env_CXXFLAGS_value=
ac_cv_env_CXX_set=
ac_cv_env_CXX_value=
ac_cv_env_LDFLAGS_set=
ac_cv_env_LDFLAGS_value=
ac_cv_env_LIBS_set=
ac_cv_env_LIBS_value=
ac_cv_env_YACC_set=
ac_cv_env_YACC_value=
ac_cv_env_YFLAGS_set=
ac_cv_env_YFLAGS_value=
ac_cv_env_build_alias_set=
ac_cv_env_build_alias_value=
ac_cv_env_host_alias_set=
ac_cv_env_host_alias_value=
ac_cv_env_target_alias_set=
ac_cv_env_target_alias_value=
ac_cv_func_strcasecmp=yes
ac_cv_func_strdup=yes
ac_cv_header_inttypes_h=yes
ac_cv_header_malloc_h=yes
ac_cv_header_memory_h=yes
ac_cv_header_stdbool_h=yes
ac_cv_header_stdc=yes
ac_cv_header_stdint_h=yes
ac_cv_header_stdlib_h=yes
ac_cv_header_string_h=yes
ac_cv_header_strings_h=yes
ac_cv_header_sys_stat_h=yes
ac_cv_header_sys_types_h=yes
ac_cv_header_unistd_h=yes
ac_cv_objext=o
ac_cv_path_EGREP='/bin/grep -E'
ac_cv_path_GREP=/bin/grep
ac_cv_path_install='/usr/bin/install -c'
ac_cv_prog_AWK=mawk
ac_cv_prog_CPP='gcc -E'
ac_cv_prog_ac_ct_CC=gcc
ac_cv_prog_ac_ct_CXX=g++
ac_cv_prog_ac_ct_RANLIB=ranlib
ac_cv_prog_cc_c89=
ac_cv_prog_cc_g=yes
ac_cv_prog_cxx_g=yes
ac_cv_prog_make_make_set=yes
ac_cv_type__Bool=yes
am_cv_CC_dependencies_compiler_type=gcc3
am_cv_CXX_dependencies_compiler_type=gcc3

## ----------------- ##
## Output variables. ##
## ----------------- ##

ACLOCAL='${SHELL} /home/yjq/Documents/S3F-FULL/full/dml/missing --run aclocal-1.9'
AMDEPBACKSLASH='\'
AMDEP_FALSE='#'
AMDEP_TRUE=''
AMTAR='${SHELL} /home/yjq/Documents/S3F-FULL/full/dml/missing --run tar'
AUTOCONF='${SHELL} /home/yjq/Documents/S3F-FULL/full/dml/missing --run autoconf'
AUTOHEADER='${SHELL} /home/yjq/Documents/S3F-FULL/full/dml/missing --run autoheader'
AUTOMAKE='${SHELL} /home/yjq/Documents/S3F-FULL/full/dml/missing --run automake-1.9'
AWK='mawk'
CC='gcc'
CCDEPMODE='depmode=gcc3'
CFLAGS='-g -O2'
CPP='gcc -E'
CPPFLAGS=''
CXX='g++'
CXXDEPMODE='depmode=gcc3'
CXXFLAGS='-g -O2'
CYGPATH_W='echo'
DEFS='-DHAVE_CONFIG_H'
DEPDIR='.deps'
ECHO_C=''
ECHO_N='-n'
ECHO_T=''
EGREP='/bin/grep -E'
ENABLE_DML_DEBUG_FALSE=''
ENABLE_DML_DEBUG_TRUE='#'
ENABLE_DML_LOCINFO_FALSE='#'
ENABLE_DML_LOCINFO_TRUE=''
EXEEXT=''
GREP='/bin/grep'
HAVE_BISON_FALSE=''
HAVE_BISON_TRUE='#'
HAVE_FLEX_FALSE=''
HAVE_FLEX_TRUE='#'
INSTALL_DATA='${INSTALL} -m 644'
INSTALL_PROGRAM='${INSTALL}'
INSTALL_SCRIPT='${INSTALL}'
INSTALL_STRIP_PROGRAM='${SHELL} $(install_sh) -c -s'
LDFLAGS=''
LEX='${SHELL} /home/yjq/Documents/S3F-FULL/full/dml/missing --run flex'
LEXLIB=''
LEX_OUTPUT_ROOT=''
LIBOBJS=''
LIBS=''
LTLIBOBJS=''
MAKEINFO='${SHELL} /home/yjq/Documents/S3F-FULL/full/dml/missing --run makeinfo'
OBJEXT='o'
PACKAGE='prime-dml'
PACKAGE_BUGREPORT='liux@cis.fiu.edu'
PACKAGE_NAME='dml'
PACKAGE_STRING='dml 2.1.0'
PACKAGE_TARNAME='dml'
PACKAGE_URL=''
PACKAGE_VERSION='2.1.0'
PATH_SEPARATOR=':'
RANLIB='ranlib'
SET_MAKE=''
SHELL='/bin/bash'
STRIP=''
VERSION='2.1.0'
YACC='yacc'
YFLAGS=''
ac_ct_CC='gcc'
ac_ct_CXX='g++'
am__fastdepCC_FALSE='#'
am__fastdepCC_TRUE=''
am__fastdepCXX_FALSE='#'
am__fastdepCXX_TRUE=''
am__include='include'
am__leading_dot='.'
am__quote=''
am__tar='${AMTAR} chof - "$$tardir"'
am__untar='${AMTAR} xf -'
bindir='${exec_prefix}/bin'
build_alias=''
datadir='${datarootdir}'
datarootdir='${prefix}/share'
docdir='${datarootdir}/doc/${PACKAGE_TARNAME}'
dvidir='${docdir}'
exec_prefix='${prefix}'
host_alias=''
htmldir='${docdir}'
includedir='${prefix}/include'
infodir='${datarootdir}/info'
install_sh='/home/yjq/Documents/S3F-FULL/full/dml/install-sh'
libdir='${exec_prefix}/lib'
libexecdir='${exec_prefix}/libexec'
localedir='${datarootdir}/locale'
localstatedir='${prefix}/var'
mandir='${datarootdir}/man'
mkdir_p='mkdir -p --'
oldincludedir='/usr/include'
pdfdir='${docdir}'
prefix='/usr/local'
program_transform_name='s,x,x,'
psdir='${docdir}'
sbindir='${exec_prefix}/sbin'
sharedstatedir='${prefix}/com'
sysconfdir='${prefix}/etc'
target_alias=''

## ----------- ##
## confdefs.h. ##
## ----------- ##

/* confdefs.h */
#define PACKAGE_NAME "dml"
#define PACKAGE_TARNAME "dml"
#define PACKAGE_VERSION "2.1.0"
#define PACKAGE_STRING "dml 2.1.0"
#define PACKAGE_BUGREPORT "liux@cis.fiu.edu"
#define PACKAGE_URL ""
#define PACKAGE "prime-dml"
#define VERSION "2.1.0"
#define STDC_HEADERS 1
#define HAVE_SYS_TYPES_H 1
#define HAVE_SYS_STAT_H 1
#define HAVE_STDLIB_H 1
#define HAVE_STRING_H 1
#define HAVE_MEMORY_H 1
#define HAVE_STRINGS_H 1
#define HAVE_INTTYPES_H 1
#define HAVE_STDINT_H 1
#define HAVE_UNISTD_H 1
#define HAVE_MALLOC_H 1
#define HAVE_STDLIB_H 1
#define HAVE_STRING_H 1
#define HAVE_STRINGS_H 1
#define HAVE_UNISTD_H 1
#define HAVE__BOOL 1
#define HAVE_STDBOOL_H 1
#define HAVE_STRCASECMP 1
#define HAVE_STRDUP 1
#define PRIME_DML_DEBUG 0
#define PRIME_DML_LOCINFO 1

configure: exit 0
